CRITICAL - 2023-09-01 02:48:40 --> The framework needs the following extension(s) installed and loaded: intl.
in SYSTEMPATH\CodeIgniter.php on line 246.
 1 SYSTEMPATH\CodeIgniter.php(246): CodeIgniter\Exceptions\FrameworkException::forMissingExtension('intl')
 2 SYSTEMPATH\CodeIgniter.php(210): CodeIgniter\CodeIgniter->resolvePlatformExtensions()
 3 ROOTPATH\spark(88): CodeIgniter\CodeIgniter->initialize()
CRITICAL - 2023-09-01 02:48:40 --> Uncaught Error: Class "Locale" not found in D:\강사-김동주\ING\2023_KDT\framework-4.4.0\framework-4.4.0\system\I18n\TimeTrait.php:74
Stack trace:
#0 D:\강사-김동주\ING\2023_KDT\framework-4.4.0\framework-4.4.0\system\I18n\TimeTrait.php(115): CodeIgniter\I18n\Time->__construct(NULL, NULL, NULL)
#1 D:\강사-김동주\ING\2023_KDT\framework-4.4.0\framework-4.4.0\system\HTTP\ResponseTrait.php(468): CodeIgniter\I18n\Time::now()
#2 D:\강사-김동주\ING\2023_KDT\framework-4.4.0\framework-4.4.0\system\HTTP\ResponseTrait.php(446): CodeIgniter\HTTP\Response->sendHeaders()
#3 D:\강사-김동주\ING\2023_KDT\framework-4.4.0\framework-4.4.0\system\Debug\ExceptionHandler.php(78): CodeIgniter\HTTP\Response->send()
#4 D:\강사-김동주\ING\2023_KDT\framework-4.4.0\framework-4.4.0\system\Debug\Exceptions.php(146): CodeIgniter\Debug\ExceptionHandler->handle(Object(CodeIgniter\Exceptions\FrameworkException), Object(CodeIgniter\HTTP\IncomingRequest), Object(CodeIgniter\HTTP\Response), 500, 1)
#5 [internal function]: CodeIgniter\Debug\Exceptions->exceptionHandler(Object(CodeIgniter\Exceptions\FrameworkException))
#6 {main}
  thrown
【Previous Exception】
CodeIgniter\Exceptions\FrameworkException
The framework needs the following extension(s) installed and loaded: intl.
#0 D:\강사-김동주\ING\2023_KDT\framework-4.4.0\framework-4.4.0\system\CodeIgniter.php(246): CodeIgniter\Exceptions\FrameworkException::forMissingExtension('intl')
#1 D:\강사-김동주\ING\2023_KDT\framework-4.4.0\framework-4.4.0\system\CodeIgniter.php(210): CodeIgniter\CodeIgniter->resolvePlatformExtensions()
#2 D:\강사-김동주\ING\2023_KDT\framework-4.4.0\framework-4.4.0\spark(88): CodeIgniter\CodeIgniter->initialize()
#3 {main}
in SYSTEMPATH\I18n\TimeTrait.php on line 74.
 1 [internal function]: CodeIgniter\Debug\Exceptions->shutdownHandler()
CRITICAL - 2023-09-01 02:50:07 --> The framework needs the following extension(s) installed and loaded: intl.
in SYSTEMPATH\CodeIgniter.php on line 246.
 1 SYSTEMPATH\CodeIgniter.php(246): CodeIgniter\Exceptions\FrameworkException::forMissingExtension('intl')
 2 SYSTEMPATH\CodeIgniter.php(210): CodeIgniter\CodeIgniter->resolvePlatformExtensions()
 3 ROOTPATH\spark(88): CodeIgniter\CodeIgniter->initialize()
CRITICAL - 2023-09-01 02:50:07 --> Uncaught Error: Class "Locale" not found in D:\강사-김동주\ING\2023_KDT\framework-4.4.0\framework-4.4.0\system\I18n\TimeTrait.php:74
Stack trace:
#0 D:\강사-김동주\ING\2023_KDT\framework-4.4.0\framework-4.4.0\system\I18n\TimeTrait.php(115): CodeIgniter\I18n\Time->__construct(NULL, NULL, NULL)
#1 D:\강사-김동주\ING\2023_KDT\framework-4.4.0\framework-4.4.0\system\HTTP\ResponseTrait.php(468): CodeIgniter\I18n\Time::now()
#2 D:\강사-김동주\ING\2023_KDT\framework-4.4.0\framework-4.4.0\system\HTTP\ResponseTrait.php(446): CodeIgniter\HTTP\Response->sendHeaders()
#3 D:\강사-김동주\ING\2023_KDT\framework-4.4.0\framework-4.4.0\system\Debug\ExceptionHandler.php(78): CodeIgniter\HTTP\Response->send()
#4 D:\강사-김동주\ING\2023_KDT\framework-4.4.0\framework-4.4.0\system\Debug\Exceptions.php(146): CodeIgniter\Debug\ExceptionHandler->handle(Object(CodeIgniter\Exceptions\FrameworkException), Object(CodeIgniter\HTTP\IncomingRequest), Object(CodeIgniter\HTTP\Response), 500, 1)
#5 [internal function]: CodeIgniter\Debug\Exceptions->exceptionHandler(Object(CodeIgniter\Exceptions\FrameworkException))
#6 {main}
  thrown
【Previous Exception】
CodeIgniter\Exceptions\FrameworkException
The framework needs the following extension(s) installed and loaded: intl.
#0 D:\강사-김동주\ING\2023_KDT\framework-4.4.0\framework-4.4.0\system\CodeIgniter.php(246): CodeIgniter\Exceptions\FrameworkException::forMissingExtension('intl')
#1 D:\강사-김동주\ING\2023_KDT\framework-4.4.0\framework-4.4.0\system\CodeIgniter.php(210): CodeIgniter\CodeIgniter->resolvePlatformExtensions()
#2 D:\강사-김동주\ING\2023_KDT\framework-4.4.0\framework-4.4.0\spark(88): CodeIgniter\CodeIgniter->initialize()
#3 {main}
in SYSTEMPATH\I18n\TimeTrait.php on line 74.
 1 [internal function]: CodeIgniter\Debug\Exceptions->shutdownHandler()
CRITICAL - 2023-09-01 02:50:35 --> The framework needs the following extension(s) installed and loaded: intl.
in SYSTEMPATH\CodeIgniter.php on line 246.
 1 SYSTEMPATH\CodeIgniter.php(246): CodeIgniter\Exceptions\FrameworkException::forMissingExtension('intl')
 2 SYSTEMPATH\CodeIgniter.php(210): CodeIgniter\CodeIgniter->resolvePlatformExtensions()
 3 ROOTPATH\spark(88): CodeIgniter\CodeIgniter->initialize()
CRITICAL - 2023-09-01 02:50:35 --> Uncaught Error: Class "Locale" not found in D:\강사-김동주\ING\2023_KDT\framework-4.4.0\framework-4.4.0\system\I18n\TimeTrait.php:74
Stack trace:
#0 D:\강사-김동주\ING\2023_KDT\framework-4.4.0\framework-4.4.0\system\I18n\TimeTrait.php(115): CodeIgniter\I18n\Time->__construct(NULL, NULL, NULL)
#1 D:\강사-김동주\ING\2023_KDT\framework-4.4.0\framework-4.4.0\system\HTTP\ResponseTrait.php(468): CodeIgniter\I18n\Time::now()
#2 D:\강사-김동주\ING\2023_KDT\framework-4.4.0\framework-4.4.0\system\HTTP\ResponseTrait.php(446): CodeIgniter\HTTP\Response->sendHeaders()
#3 D:\강사-김동주\ING\2023_KDT\framework-4.4.0\framework-4.4.0\system\Debug\ExceptionHandler.php(78): CodeIgniter\HTTP\Response->send()
#4 D:\강사-김동주\ING\2023_KDT\framework-4.4.0\framework-4.4.0\system\Debug\Exceptions.php(146): CodeIgniter\Debug\ExceptionHandler->handle(Object(CodeIgniter\Exceptions\FrameworkException), Object(CodeIgniter\HTTP\IncomingRequest), Object(CodeIgniter\HTTP\Response), 500, 1)
#5 [internal function]: CodeIgniter\Debug\Exceptions->exceptionHandler(Object(CodeIgniter\Exceptions\FrameworkException))
#6 {main}
  thrown
【Previous Exception】
CodeIgniter\Exceptions\FrameworkException
The framework needs the following extension(s) installed and loaded: intl.
#0 D:\강사-김동주\ING\2023_KDT\framework-4.4.0\framework-4.4.0\system\CodeIgniter.php(246): CodeIgniter\Exceptions\FrameworkException::forMissingExtension('intl')
#1 D:\강사-김동주\ING\2023_KDT\framework-4.4.0\framework-4.4.0\system\CodeIgniter.php(210): CodeIgniter\CodeIgniter->resolvePlatformExtensions()
#2 D:\강사-김동주\ING\2023_KDT\framework-4.4.0\framework-4.4.0\spark(88): CodeIgniter\CodeIgniter->initialize()
#3 {main}
in SYSTEMPATH\I18n\TimeTrait.php on line 74.
 1 [internal function]: CodeIgniter\Debug\Exceptions->shutdownHandler()
CRITICAL - 2023-09-01 02:52:59 --> The framework needs the following extension(s) installed and loaded: intl.
in SYSTEMPATH\CodeIgniter.php on line 246.
 1 SYSTEMPATH\CodeIgniter.php(246): CodeIgniter\Exceptions\FrameworkException::forMissingExtension('intl')
 2 SYSTEMPATH\CodeIgniter.php(210): CodeIgniter\CodeIgniter->resolvePlatformExtensions()
 3 ROOTPATH\spark(88): CodeIgniter\CodeIgniter->initialize()
CRITICAL - 2023-09-01 02:52:59 --> Uncaught Error: Class "Locale" not found in D:\강사-김동주\ING\2023_KDT\framework-4.4.0\framework-4.4.0\system\I18n\TimeTrait.php:74
Stack trace:
#0 D:\강사-김동주\ING\2023_KDT\framework-4.4.0\framework-4.4.0\system\I18n\TimeTrait.php(115): CodeIgniter\I18n\Time->__construct(NULL, NULL, NULL)
#1 D:\강사-김동주\ING\2023_KDT\framework-4.4.0\framework-4.4.0\system\HTTP\ResponseTrait.php(468): CodeIgniter\I18n\Time::now()
#2 D:\강사-김동주\ING\2023_KDT\framework-4.4.0\framework-4.4.0\system\HTTP\ResponseTrait.php(446): CodeIgniter\HTTP\Response->sendHeaders()
#3 D:\강사-김동주\ING\2023_KDT\framework-4.4.0\framework-4.4.0\system\Debug\ExceptionHandler.php(78): CodeIgniter\HTTP\Response->send()
#4 D:\강사-김동주\ING\2023_KDT\framework-4.4.0\framework-4.4.0\system\Debug\Exceptions.php(146): CodeIgniter\Debug\ExceptionHandler->handle(Object(CodeIgniter\Exceptions\FrameworkException), Object(CodeIgniter\HTTP\IncomingRequest), Object(CodeIgniter\HTTP\Response), 500, 1)
#5 [internal function]: CodeIgniter\Debug\Exceptions->exceptionHandler(Object(CodeIgniter\Exceptions\FrameworkException))
#6 {main}
  thrown
【Previous Exception】
CodeIgniter\Exceptions\FrameworkException
The framework needs the following extension(s) installed and loaded: intl.
#0 D:\강사-김동주\ING\2023_KDT\framework-4.4.0\framework-4.4.0\system\CodeIgniter.php(246): CodeIgniter\Exceptions\FrameworkException::forMissingExtension('intl')
#1 D:\강사-김동주\ING\2023_KDT\framework-4.4.0\framework-4.4.0\system\CodeIgniter.php(210): CodeIgniter\CodeIgniter->resolvePlatformExtensions()
#2 D:\강사-김동주\ING\2023_KDT\framework-4.4.0\framework-4.4.0\spark(88): CodeIgniter\CodeIgniter->initialize()
#3 {main}
in SYSTEMPATH\I18n\TimeTrait.php on line 74.
 1 [internal function]: CodeIgniter\Debug\Exceptions->shutdownHandler()
CRITICAL - 2023-09-01 02:54:40 --> The framework needs the following extension(s) installed and loaded: intl.
in SYSTEMPATH\CodeIgniter.php on line 246.
 1 SYSTEMPATH\CodeIgniter.php(246): CodeIgniter\Exceptions\FrameworkException::forMissingExtension('intl')
 2 SYSTEMPATH\CodeIgniter.php(210): CodeIgniter\CodeIgniter->resolvePlatformExtensions()
 3 ROOTPATH\spark(88): CodeIgniter\CodeIgniter->initialize()
CRITICAL - 2023-09-01 02:54:40 --> Uncaught Error: Class "Locale" not found in D:\강사-김동주\ING\2023_KDT\framework-4.4.0\framework-4.4.0\system\I18n\TimeTrait.php:74
Stack trace:
#0 D:\강사-김동주\ING\2023_KDT\framework-4.4.0\framework-4.4.0\system\I18n\TimeTrait.php(115): CodeIgniter\I18n\Time->__construct(NULL, NULL, NULL)
#1 D:\강사-김동주\ING\2023_KDT\framework-4.4.0\framework-4.4.0\system\HTTP\ResponseTrait.php(468): CodeIgniter\I18n\Time::now()
#2 D:\강사-김동주\ING\2023_KDT\framework-4.4.0\framework-4.4.0\system\HTTP\ResponseTrait.php(446): CodeIgniter\HTTP\Response->sendHeaders()
#3 D:\강사-김동주\ING\2023_KDT\framework-4.4.0\framework-4.4.0\system\Debug\ExceptionHandler.php(78): CodeIgniter\HTTP\Response->send()
#4 D:\강사-김동주\ING\2023_KDT\framework-4.4.0\framework-4.4.0\system\Debug\Exceptions.php(146): CodeIgniter\Debug\ExceptionHandler->handle(Object(CodeIgniter\Exceptions\FrameworkException), Object(CodeIgniter\HTTP\IncomingRequest), Object(CodeIgniter\HTTP\Response), 500, 1)
#5 [internal function]: CodeIgniter\Debug\Exceptions->exceptionHandler(Object(CodeIgniter\Exceptions\FrameworkException))
#6 {main}
  thrown
【Previous Exception】
CodeIgniter\Exceptions\FrameworkException
The framework needs the following extension(s) installed and loaded: intl.
#0 D:\강사-김동주\ING\2023_KDT\framework-4.4.0\framework-4.4.0\system\CodeIgniter.php(246): CodeIgniter\Exceptions\FrameworkException::forMissingExtension('intl')
#1 D:\강사-김동주\ING\2023_KDT\framework-4.4.0\framework-4.4.0\system\CodeIgniter.php(210): CodeIgniter\CodeIgniter->resolvePlatformExtensions()
#2 D:\강사-김동주\ING\2023_KDT\framework-4.4.0\framework-4.4.0\spark(88): CodeIgniter\CodeIgniter->initialize()
#3 {main}
in SYSTEMPATH\I18n\TimeTrait.php on line 74.
 1 [internal function]: CodeIgniter\Debug\Exceptions->shutdownHandler()
CRITICAL - 2023-09-01 02:42:45 --> Call to undefined function App\Controllers\render()
in APPPATH\Controllers\Board.php on line 10.
 1 SYSTEMPATH\CodeIgniter.php(915): App\Controllers\Board->list()
 2 SYSTEMPATH\CodeIgniter.php(492): CodeIgniter\CodeIgniter->runController(Object(App\Controllers\Board))
 3 SYSTEMPATH\CodeIgniter.php(353): CodeIgniter\CodeIgniter->handleRequest(null, Object(Config\Cache), false)
 4 FCPATH\index.php(79): CodeIgniter\CodeIgniter->run()
 5 SYSTEMPATH\Commands\Server\rewrite.php(47): require_once('D:\\강사-김동주\\ING\\2023_KDT\\framework-4.4.0\\framework-4.4.0\\public\\index.php')
